Using pre-set license
Built from '2020.3/release' branch; Version is '2020.3.12f1 (b3b2c6512326) revision 11776710'; Using compiler version '192528614'; Build Type 'Release'
OS: 'Windows 10 Enterprise; OS build 19041.1052; Version 2004; 64bit' Language: 'pt' Physical Memory: 8058 MB
BatchMode: 1, IsHumanControllingUs: 0, StartBugReporterOnCrash: 0, Is64bit: 1, IsPro: 0

 COMMAND LINE ARGUMENTS:
C:\Program Files\Unity\Hub\Editor\2020.3.8f1\Editor\Unity.exe
-adb2
-batchMode
-noUpm
-name
AssetImportWorker0
-projectPath
C:/Users/Aspire E15/Documents/unity/Hummingbirds
-logFile
Logs/AssetImportWorker0.log
-srvPort
55805
Successfully changed project path to: C:/Users/Aspire E15/Documents/unity/Hummingbirds
C:/Users/Aspire E15/Documents/unity/Hummingbirds
Using Asset Import Pipeline V2.
Refreshing native plugins compatible for Editor in 140.94 ms, found 3 plugins.
Preloading 0 native plugins for Editor in 0.00 ms.
Initialize engine version: 2020.3.12f1 (b3b2c6512326)
[Subsystems] Discovering subsystems at path C:/Program Files/Unity/Hub/Editor/2020.3.8f1/Editor/Data/Resources/UnitySubsystems
[Subsystems] Discovering subsystems at path C:/Users/Aspire E15/Documents/unity/Hummingbirds/Assets
GfxDevice: creating device client; threaded=0
Direct3D:
    Version:  Direct3D 11.0 [level 11.0]
    Renderer: NVIDIA GeForce 920M (ID=0x1299)
    Vendor:   
    VRAM:     2020 MB
    Driver:   21.21.13.7654
Initialize mono
Mono path[0] = 'C:/Program Files/Unity/Hub/Editor/2020.3.8f1/Editor/Data/Managed'
Mono path[1] = 'C:/Program Files/Unity/Hub/Editor/2020.3.8f1/Editor/Data/MonoBleedingEdge/lib/mono/unityjit'
Mono config path = 'C:/Program Files/Unity/Hub/Editor/2020.3.8f1/Editor/Data/MonoBleedingEdge/etc'
Using monoOptions --debugger-agent=transport=dt_socket,embedding=1,server=y,suspend=n,address=127.0.0.1:56468
Begin MonoManager ReloadAssembly
Registering precompiled unity dll's ...
Register platform support module: C:/Program Files/Unity/Hub/Editor/2020.3.8f1/Editor/Data/PlaybackEngines/WindowsStandaloneSupport/UnityEditor.WindowsStandalone.Extensions.dll
Registered in 0.017026 seconds.
Native extension for WindowsStandalone target not found
Refreshing native plugins compatible for Editor in 314.64 ms, found 3 plugins.
Preloading 0 native plugins for Editor in 0.00 ms.
Mono: successfully reloaded assembly
- Completed reload, in  7.310 seconds
Platform modules already initialized, skipping
Registering precompiled user dll's ...
Registered in 0.064872 seconds.
Begin MonoManager ReloadAssembly
Native extension for WindowsStandalone target not found
Refreshing native plugins compatible for Editor in 267.12 ms, found 3 plugins.
Preloading 0 native plugins for Editor in 0.00 ms.
Mono: successfully reloaded assembly
- Completed reload, in  7.022 seconds
Platform modules already initialized, skipping
========================================================================
Worker process is ready to serve import requests
Shader 'Universal Render Pipeline/Particles/Lit': fallback shader 'Universal Render Pipeline/Particles/SimpleLit' not found
Shader 'Universal Render Pipeline/Particles/Lit': fallback shader 'Universal Render Pipeline/Particles/SimpleLit' not found
Launched and connected shader compiler UnityShaderCompiler.exe after 0.19 seconds
Refreshing native plugins compatible for Editor in 1.48 ms, found 3 plugins.
Preloading 0 native plugins for Editor in 0.00 ms.
Unloading 3106 Unused Serialized files (Serialized files now loaded: 0)
System memory in use before: 135.2 MB.
System memory in use after: 132.4 MB.

Unloading 69 unused Assets to reduce memory usage. Loaded Objects now: 3492.
Total: 18.199700 ms (FindLiveObjects: 1.610300 ms CreateObjectMapping: 1.055400 ms MarkObjects: 11.812400 ms  DeleteObjects: 3.719200 ms)

AssetImportParameters requested are different than current active one (requested -> active):
  custom:framework-win-MediaFoundation: 216162199b28c13a410421893ffa2e32 -> 
  custom:video-decoder-ogg-theora: a1e56fd34408186e4bbccfd4996cb3dc -> 
  custom:container-muxer-webm: aa71ff27fc2769a1b78a27578f13a17b -> 
  custom:container-demuxer-webm: 4f35f7cbe854078d1ac9338744f61a02 -> 
  custom:container-demuxer-ogg: 62fdf1f143b41e24485cea50d1cbac27 -> 
  custom:video-encoder-webm-vp8: eb34c28f22e8b96e1ab97ce403110664 -> 
  custom:video-decoder-webm-vp8: 9c59270c3fd7afecdb556c50c9e8de78 -> 
  custom:audio-decoder-ogg-vorbis: bf7c407c2cedff20999df2af8eb42d56 -> 
  custom:audio-encoder-webm-vorbis: bf7c407c2cedff20999df2af8eb42d56 -> 
========================================================================
Received Import Request.
  path: Assets/Hummingbird/Prefabs/FloatingIsland.prefab
  artifactKey: Guid(423815a9aec87fb48bbb6f0f35a66653) Importer(815301076,1909f56bfc062723c751e8b465ee728b)
Start importing Assets/Hummingbird/Prefabs/FloatingIsland.prefab using Guid(423815a9aec87fb48bbb6f0f35a66653) Importer(815301076,1909f56bfc062723c751e8b465ee728b)  -> (artifact id: '4204ca341f557fbfa9d3e36049864f24') in 1.896800 seconds 
  Import took 1.976645 seconds .

========================================================================
Received Import Request.
  Time since last request: 31.395876 seconds.
  path: Assets/FlowerArea.cs
  artifactKey: Guid(b1f52778fb7fb68439f207a951ffa60a) Importer(815301076,1909f56bfc062723c751e8b465ee728b)
Start importing Assets/FlowerArea.cs using Guid(b1f52778fb7fb68439f207a951ffa60a) Importer(815301076,1909f56bfc062723c751e8b465ee728b)  -> (artifact id: '94bd819eef3475af0418befccf3a6c50') in 0.022742 seconds 
  Import took 0.050051 seconds .

========================================================================
Received Import Request.
  Time since last request: 0.039585 seconds.
  path: Assets/FlowerArea.cs
  artifactKey: Guid(b1f52778fb7fb68439f207a951ffa60a) Importer(815301076,1909f56bfc062723c751e8b465ee728b)
Start importing Assets/FlowerArea.cs using Guid(b1f52778fb7fb68439f207a951ffa60a) Importer(815301076,1909f56bfc062723c751e8b465ee728b)  -> (artifact id: '94bd819eef3475af0418befccf3a6c50') in 0.003562 seconds 
  Import took 0.043995 seconds .

AssetImportWorkerClient::OnTransportError - code=2 error=End of file
